make --dry-run --keep-going --print-directory
make: Entering directory '/home/vitorcarneiro/COMPUTACAO-2/AULAS-PRATICAS/roteiro4'
gcc -Wall -ansi -c aula0401a.c
gcc -Wall -ansi -c aula0402.c
gcc -Wall -o aula0402a aula0401a.o aula0402.o
cp -f aula0402a aula0402a-Linux-gcc-ansi
make: Leaving directory '/home/vitorcarneiro/COMPUTACAO-2/AULAS-PRATICAS/roteiro4'
 
make: *** No rule to make target 'aula0101.o', needed by 'aula0101'.
make: *** No rule to make target 'aula0102.o', needed by 'aula0102'.
make: *** No rule to make target 'aula0103.o', needed by 'aula0103'.
make: *** No rule to make target 'aula0201a.o', needed by 'aula0202a'.
make: *** No rule to make target 'aula0202.o', needed by 'aula0202a'.
make: *** No rule to make target 'aula0201b.o', needed by 'aula0202b'.
make: *** No rule to make target 'aula0201c.o', needed by 'aula0202c'.
make: *** No rule to make target 'aula0201d.o', needed by 'aula0202d'.
make: *** No rule to make target 'aula0301a.o', needed by 'aula0302a'.
make: *** No rule to make target 'aula0302.o', needed by 'aula0302a'.
make: *** No rule to make target 'aula0301b.o', needed by 'aula0302b'.
make: *** No rule to make target 'aula0301c.o', needed by 'aula0302c'.
make: *** No rule to make target 'aula0301d.o', needed by 'aula0302d'.
make: *** No rule to make target 'libmonitor.a', needed by 'all'.
make: *** No rule to make target 'libbase.a', needed by 'all'.
 
